Files wurden geöffnet
Ersten Schreibzugriffe getätigt
./Spreadsheets/Namen.xlsx geöffnet
Passwort für de junious erstellt
Zahl an User falls dieser mehrfach vorkommt
Einträge für de junious erstellt
Passwort für giallorenzo erstellt
Zahl an User falls dieser mehrfach vorkommt
Einträge für giallorenzo erstellt
Passwort für lanpher erstellt
Zahl an User falls dieser mehrfach vorkommt
Einträge für lanpher erstellt
Passwort für galvin erstellt
Zahl an User falls dieser mehrfach vorkommt
Einträge für galvin erstellt
Passwort für laspina erstellt
Zahl an User falls dieser mehrfach vorkommt
Einträge für laspina erstellt
Passwort für dodich erstellt
Zahl an User falls dieser mehrfach vorkommt
Einträge für dodich erstellt
Passwort für bannowsky erstellt
Zahl an User falls dieser mehrfach vorkommt
Einträge für bannowsky erstellt
Passwort für waisath erstellt
Zahl an User falls dieser mehrfach vorkommt
Einträge für waisath erstellt
Passwort für von reddig-piette erstellt
Zahl an User falls dieser mehrfach vorkommt
Einträge für von reddig-piette erstellt
Passwort für latona erstellt
Zahl an User falls dieser mehrfach vorkommt
Einträge für latona erstellt
Passwort für homewood erstellt
Zahl an User falls dieser mehrfach vorkommt
Einträge für homewood erstellt
Passwort für pallafor-zedian erstellt
Zahl an User falls dieser mehrfach vorkommt
Einträge für pallafor-zedian erstellt
Passwort für senemounnarat-quillian erstellt
Zahl an User falls dieser mehrfach vorkommt
Einträge für senemounnarat-quillian erstellt
Passwort für isaac erstellt
Zahl an User falls dieser mehrfach vorkommt
Einträge für isaac erstellt
Passwort für plancarte erstellt
Zahl an User falls dieser mehrfach vorkommt
Einträge für plancarte erstellt
Passwort für berteotti-stirn erstellt
Zahl an User falls dieser mehrfach vorkommt
Einträge für berteotti-stirn erstellt
Passwort für strycker erstellt
Zahl an User falls dieser mehrfach vorkommt
Einträge für strycker erstellt
Passwort für von verrill erstellt
Zahl an User falls dieser mehrfach vorkommt
Einträge für von verrill erstellt
Passwort für deschner erstellt
Zahl an User falls dieser mehrfach vorkommt
Einträge für deschner erstellt
Passwort für franzi erstellt
Zahl an User falls dieser mehrfach vorkommt
Einträge für franzi erstellt
Passwort für cringle erstellt
Zahl an User falls dieser mehrfach vorkommt
Einträge für cringle erstellt
Passwort für kosh erstellt
Zahl an User falls dieser mehrfach vorkommt
Einträge für kosh erstellt
Passwort für derouchie erstellt
Zahl an User falls dieser mehrfach vorkommt
Einträge für derouchie erstellt
Passwort für doutt erstellt
Zahl an User falls dieser mehrfach vorkommt
Einträge für doutt erstellt
Passwort für munley erstellt
Zahl an User falls dieser mehrfach vorkommt
Einträge für munley erstellt
Passwort für dornbos erstellt
Zahl an User falls dieser mehrfach vorkommt
Einträge für dornbos erstellt
Passwort für mahala erstellt
Zahl an User falls dieser mehrfach vorkommt
Einträge für mahala erstellt
Passwort für ellingwood erstellt
Zahl an User falls dieser mehrfach vorkommt
Einträge für ellingwood erstellt
Passwort für de cardinalli-sciola erstellt
Zahl an User falls dieser mehrfach vorkommt
Einträge für de cardinalli-sciola erstellt
Passwort für pinsky erstellt
Zahl an User falls dieser mehrfach vorkommt
Einträge für pinsky erstellt
Passwort für pinsky erstellt
Zahl an User falls dieser mehrfach vorkommt
Einträge für pinsky1 erstellt
Passwort für pinsky erstellt
Zahl an User falls dieser mehrfach vorkommt
Einträge für pinsky2 erstellt
Passwort für norlien erstellt
Zahl an User falls dieser mehrfach vorkommt
Einträge für norlien erstellt
Passwort für preato erstellt
Zahl an User falls dieser mehrfach vorkommt
Einträge für preato erstellt
Passwort für gundry erstellt
Zahl an User falls dieser mehrfach vorkommt
Einträge für gundry erstellt
Passwort für pinedo erstellt
Zahl an User falls dieser mehrfach vorkommt
Einträge für pinedo erstellt
Passwort für faivre erstellt
Zahl an User falls dieser mehrfach vorkommt
Einträge für faivre erstellt
Passwort für lehrer erstellt
Zahl an User falls dieser mehrfach vorkommt
Einträge für lehrer erstellt
Passwort für seminar erstellt
Zahl an User falls dieser mehrfach vorkommt
Einträge für seminar erstellt
Erstellen und Schreiben von FIles fertig
Files wurden geöffnet
Ersten Schreibzugriffe getätigt
./Spreadsheets/Namen.xlsx geöffnet
Passwort für de junious erstellt
Zahl an User falls dieser mehrfach vorkommt
Einträge für de junious erstellt
Passwort für giallorenzo erstellt
Zahl an User falls dieser mehrfach vorkommt
Einträge für giallorenzo erstellt
Passwort für lanpher erstellt
Zahl an User falls dieser mehrfach vorkommt
Einträge für lanpher erstellt
Passwort für galvin erstellt
Zahl an User falls dieser mehrfach vorkommt
Einträge für galvin erstellt
Passwort für laspina erstellt
Zahl an User falls dieser mehrfach vorkommt
Einträge für laspina erstellt
Passwort für dodich erstellt
Zahl an User falls dieser mehrfach vorkommt
Einträge für dodich erstellt
Passwort für bannowsky erstellt
Zahl an User falls dieser mehrfach vorkommt
Einträge für bannowsky erstellt
Passwort für waisath erstellt
Zahl an User falls dieser mehrfach vorkommt
Einträge für waisath erstellt
Passwort für von reddig-piette erstellt
Zahl an User falls dieser mehrfach vorkommt
Einträge für von reddig-piette erstellt
Passwort für latona erstellt
Zahl an User falls dieser mehrfach vorkommt
Einträge für latona erstellt
Passwort für homewood erstellt
Zahl an User falls dieser mehrfach vorkommt
Einträge für homewood erstellt
Passwort für pallafor-zedian erstellt
Zahl an User falls dieser mehrfach vorkommt
Einträge für pallafor-zedian erstellt
Passwort für senemounnarat-quillian erstellt
Zahl an User falls dieser mehrfach vorkommt
Einträge für senemounnarat-quillian erstellt
Passwort für isaac erstellt
Zahl an User falls dieser mehrfach vorkommt
Einträge für isaac erstellt
Passwort für plancarte erstellt
Zahl an User falls dieser mehrfach vorkommt
Einträge für plancarte erstellt
Passwort für berteotti-stirn erstellt
Zahl an User falls dieser mehrfach vorkommt
Einträge für berteotti-stirn erstellt
Passwort für strycker erstellt
Zahl an User falls dieser mehrfach vorkommt
Einträge für strycker erstellt
Passwort für von verrill erstellt
Zahl an User falls dieser mehrfach vorkommt
Einträge für von verrill erstellt
Passwort für deschner erstellt
Zahl an User falls dieser mehrfach vorkommt
Einträge für deschner erstellt
Passwort für franzi erstellt
Zahl an User falls dieser mehrfach vorkommt
Einträge für franzi erstellt
Passwort für cringle erstellt
Zahl an User falls dieser mehrfach vorkommt
Einträge für cringle erstellt
Passwort für kosh erstellt
Zahl an User falls dieser mehrfach vorkommt
Einträge für kosh erstellt
Passwort für derouchie erstellt
Zahl an User falls dieser mehrfach vorkommt
Einträge für derouchie erstellt
Passwort für doutt erstellt
Zahl an User falls dieser mehrfach vorkommt
Einträge für doutt erstellt
Passwort für munley erstellt
Zahl an User falls dieser mehrfach vorkommt
Einträge für munley erstellt
Passwort für dornbos erstellt
Zahl an User falls dieser mehrfach vorkommt
Einträge für dornbos erstellt
Passwort für mahala erstellt
Zahl an User falls dieser mehrfach vorkommt
Einträge für mahala erstellt
Passwort für ellingwood erstellt
Zahl an User falls dieser mehrfach vorkommt
Einträge für ellingwood erstellt
Passwort für de cardinalli-sciola erstellt
Zahl an User falls dieser mehrfach vorkommt
Einträge für de cardinalli-sciola erstellt
Passwort für pinsky erstellt
Zahl an User falls dieser mehrfach vorkommt
Einträge für pinsky erstellt
Passwort für pinsky erstellt
Zahl an User falls dieser mehrfach vorkommt
Einträge für pinsky1 erstellt
Passwort für pinsky erstellt
Zahl an User falls dieser mehrfach vorkommt
Einträge für pinsky2 erstellt
Passwort für norlien erstellt
Zahl an User falls dieser mehrfach vorkommt
Einträge für norlien erstellt
Passwort für preato erstellt
Zahl an User falls dieser mehrfach vorkommt
Einträge für preato erstellt
Passwort für gundry erstellt
Zahl an User falls dieser mehrfach vorkommt
Einträge für gundry erstellt
Passwort für pinedo erstellt
Zahl an User falls dieser mehrfach vorkommt
Einträge für pinedo erstellt
Passwort für faivre erstellt
Zahl an User falls dieser mehrfach vorkommt
Einträge für faivre erstellt
Passwort für lehrer erstellt
Zahl an User falls dieser mehrfach vorkommt
Einträge für lehrer erstellt
Passwort für seminar erstellt
Zahl an User falls dieser mehrfach vorkommt
Einträge für seminar erstellt
Erstellen und Schreiben von FIles fertig
