Files wurden geöffnet
ersten zeilen in das File geschrieben
Spreadsheets/Klassenraeume_2021.xlsx geöffnet
Passwort für 1am generiert
1am ist fertig
Passwort für 1bm generiert
1bm ist fertig
Passwort für 1cm generiert
1cm ist fertig
Passwort für 2am generiert
2am ist fertig
Passwort für 2bm generiert
2bm ist fertig
Passwort für 2cm generiert
2cm ist fertig
Passwort für 3am generiert
3am ist fertig
Passwort für 3bm generiert
3bm ist fertig
Passwort für 3cm generiert
3cm ist fertig
Passwort für 4am generiert
4am ist fertig
Passwort für 4bm generiert
4bm ist fertig
Passwort für 4cm generiert
4cm ist fertig
Passwort für 5am generiert
5am ist fertig
Passwort für 5bm generiert
5bm ist fertig
Passwort für 5cm generiert
5cm ist fertig
Passwort für 1af generiert
1af ist fertig
Passwort für 1bf generiert
1bf ist fertig
Passwort für 2af generiert
2af ist fertig
Passwort für 2bf generiert
2bf ist fertig
Passwort für 3afi generiert
3afi ist fertig
Passwort für 3bfn generiert
3bfn ist fertig
Passwort für 4afi generiert
4afi ist fertig
Passwort für 4bfn generiert
4bfn ist fertig
Passwort für 1ai generiert
1ai ist fertig
Passwort für 1bi generiert
1bi ist fertig
Passwort für 1ci generiert
1ci ist fertig
Passwort für 2ai generiert
2ai ist fertig
Passwort für 2bi generiert
2bi ist fertig
Passwort für 2ci generiert
2ci ist fertig
Passwort für 3ai generiert
3ai ist fertig
Passwort für 3bi generiert
3bi ist fertig
Passwort für 3ci generiert
3ci ist fertig
Passwort für 4ax generiert
4ax ist fertig
Passwort für 4bi generiert
4bi ist fertig
Passwort für 4cn generiert
4cn ist fertig
Passwort für 5ai generiert
5ai ist fertig
Passwort für 5bn generiert
5bn ist fertig
Passwort für 5cn generiert
5cn ist fertig
Passwort für 1ao generiert
1ao ist fertig
Scripts wurden erstellt
